Analysis & Elaboration report for Prac3
Wed May 27 16:07:43 2020
Quartus Prime Version 18.0.0 Build 614 04/24/2018 SJ Lite Edition


---------------------
; Table of Contents ;
---------------------
  1. Legal Notice
  2. Analysis & Elaboration Summary
  3. Parallel Compilation
  4. Analysis & Elaboration Settings
  5. Port Connectivity Checks: "CPU:my_CPU|PC:my_PC"
  6. Port Connectivity Checks: "CPU:my_CPU|MBR:my_MBR"
  7. Port Connectivity Checks: "CPU:my_CPU|MAR:my_MAR"
  8. Port Connectivity Checks: "CPU:my_CPU|IR:my_IR"
  9. Port Connectivity Checks: "CPU:my_CPU|D0:my_D0"
 10. Port Connectivity Checks: "CPU:my_CPU"
 11. Port Connectivity Checks: "Memory:my_Memory"
 12. Analysis & Elaboration Messages



----------------
; Legal Notice ;
----------------
Copyright (C) 2018  Intel Corporation. All rights reserved.
Your use of Intel Corporation's design tools, logic functions 
and other software and tools, and its AMPP partner logic 
functions, and any output files from any of the foregoing 
(including device programming or simulation files), and any 
associated documentation or information are expressly subject 
to the terms and conditions of the Intel Program License 
Subscription Agreement, the Intel Quartus Prime License Agreement,
the Intel FPGA IP License Agreement, or other applicable license
agreement, including, without limitation, that your use is for
the sole purpose of programming logic devices manufactured by
Intel and sold by Intel or its authorized distributors.  Please
refer to the applicable agreement for further details.



+-----------------------------------------------------------------------------+
; Analysis & Elaboration Summary                                              ;
+-------------------------------+---------------------------------------------+
; Analysis & Elaboration Status ; Successful - Wed May 27 16:07:43 2020       ;
; Quartus Prime Version         ; 18.0.0 Build 614 04/24/2018 SJ Lite Edition ;
; Revision Name                 ; Prac3                                       ;
; Top-level Entity Name         ; Prac3                                       ;
; Family                        ; Cyclone V                                   ;
; Logic utilization (in ALMs)   ; N/A until Partition Merge                   ;
; Total registers               ; N/A until Partition Merge                   ;
; Total pins                    ; N/A until Partition Merge                   ;
; Total virtual pins            ; N/A until Partition Merge                   ;
; Total block memory bits       ; N/A until Partition Merge                   ;
; Total PLLs                    ; N/A until Partition Merge                   ;
; Total DLLs                    ; N/A until Partition Merge                   ;
+-------------------------------+---------------------------------------------+


+------------------------------------------+
; Parallel Compilation                     ;
+----------------------------+-------------+
; Processors                 ; Number      ;
+----------------------------+-------------+
; Number detected on machine ; 8           ;
; Maximum allowed            ; 4           ;
;                            ;             ;
; Average used               ; 1.00        ;
; Maximum used               ; 1           ;
;                            ;             ;
; Usage by Processor         ; % Time Used ;
;     Processor 1            ; 100.0%      ;
+----------------------------+-------------+


+---------------------------------------------------------------------------------------------------------------------------+
; Analysis & Elaboration Settings                                                                                           ;
+---------------------------------------------------------------------------------+--------------------+--------------------+
; Option                                                                          ; Setting            ; Default Value      ;
+---------------------------------------------------------------------------------+--------------------+--------------------+
; Device                                                                          ; 5CSEMA4U23C6       ;                    ;
; Top-level entity name                                                           ; Prac3              ; Prac3              ;
; Family name                                                                     ; Cyclone V          ; Cyclone V          ;
; Use smart compilation                                                           ; Off                ; Off                ;
; Enable parallel Assembler and Timing Analyzer during compilation                ; On                 ; On                 ;
; Enable compact report table                                                     ; Off                ; Off                ;
; Restructure Multiplexers                                                        ; Auto               ; Auto               ;
; MLAB Add Timing Constraints For Mixed-Port Feed-Through Mode Setting Don't Care ; Off                ; Off                ;
; Create Debugging Nodes for IP Cores                                             ; Off                ; Off                ;
; Preserve fewer node names                                                       ; On                 ; On                 ;
; Intel FPGA IP Evaluation Mode                                                   ; Enable             ; Enable             ;
; Verilog Version                                                                 ; Verilog_2001       ; Verilog_2001       ;
; VHDL Version                                                                    ; VHDL_1993          ; VHDL_1993          ;
; State Machine Processing                                                        ; Auto               ; Auto               ;
; Safe State Machine                                                              ; Off                ; Off                ;
; Extract Verilog State Machines                                                  ; On                 ; On                 ;
; Extract VHDL State Machines                                                     ; On                 ; On                 ;
; Ignore Verilog initial constructs                                               ; Off                ; Off                ;
; Iteration limit for constant Verilog loops                                      ; 5000               ; 5000               ;
; Iteration limit for non-constant Verilog loops                                  ; 250                ; 250                ;
; Add Pass-Through Logic to Inferred RAMs                                         ; On                 ; On                 ;
; Infer RAMs from Raw Logic                                                       ; On                 ; On                 ;
; Parallel Synthesis                                                              ; On                 ; On                 ;
; DSP Block Balancing                                                             ; Auto               ; Auto               ;
; NOT Gate Push-Back                                                              ; On                 ; On                 ;
; Power-Up Don't Care                                                             ; On                 ; On                 ;
; Remove Redundant Logic Cells                                                    ; Off                ; Off                ;
; Remove Duplicate Registers                                                      ; On                 ; On                 ;
; Ignore CARRY Buffers                                                            ; Off                ; Off                ;
; Ignore CASCADE Buffers                                                          ; Off                ; Off                ;
; Ignore GLOBAL Buffers                                                           ; Off                ; Off                ;
; Ignore ROW GLOBAL Buffers                                                       ; Off                ; Off                ;
; Ignore LCELL Buffers                                                            ; Off                ; Off                ;
; Ignore SOFT Buffers                                                             ; On                 ; On                 ;
; Limit AHDL Integers to 32 Bits                                                  ; Off                ; Off                ;
; Optimization Technique                                                          ; Balanced           ; Balanced           ;
; Carry Chain Length                                                              ; 70                 ; 70                 ;
; Auto Carry Chains                                                               ; On                 ; On                 ;
; Auto Open-Drain Pins                                                            ; On                 ; On                 ;
; Perform WYSIWYG Primitive Resynthesis                                           ; Off                ; Off                ;
; Auto ROM Replacement                                                            ; On                 ; On                 ;
; Auto RAM Replacement                                                            ; On                 ; On                 ;
; Auto DSP Block Replacement                                                      ; On                 ; On                 ;
; Auto Shift Register Replacement                                                 ; Auto               ; Auto               ;
; Allow Shift Register Merging across Hierarchies                                 ; Auto               ; Auto               ;
; Auto Clock Enable Replacement                                                   ; On                 ; On                 ;
; Strict RAM Replacement                                                          ; Off                ; Off                ;
; Allow Synchronous Control Signals                                               ; On                 ; On                 ;
; Force Use of Synchronous Clear Signals                                          ; Off                ; Off                ;
; Auto Resource Sharing                                                           ; Off                ; Off                ;
; Allow Any RAM Size For Recognition                                              ; Off                ; Off                ;
; Allow Any ROM Size For Recognition                                              ; Off                ; Off                ;
; Allow Any Shift Register Size For Recognition                                   ; Off                ; Off                ;
; Use LogicLock Constraints during Resource Balancing                             ; On                 ; On                 ;
; Ignore translate_off and synthesis_off directives                               ; Off                ; Off                ;
; Timing-Driven Synthesis                                                         ; On                 ; On                 ;
; Report Parameter Settings                                                       ; On                 ; On                 ;
; Report Source Assignments                                                       ; On                 ; On                 ;
; Report Connectivity Checks                                                      ; On                 ; On                 ;
; Ignore Maximum Fan-Out Assignments                                              ; Off                ; Off                ;
; Synchronization Register Chain Length                                           ; 3                  ; 3                  ;
; Power Optimization During Synthesis                                             ; Normal compilation ; Normal compilation ;
; HDL message level                                                               ; Level2             ; Level2             ;
; Suppress Register Optimization Related Messages                                 ; Off                ; Off                ;
; Number of Removed Registers Reported in Synthesis Report                        ; 5000               ; 5000               ;
; Number of Swept Nodes Reported in Synthesis Report                              ; 5000               ; 5000               ;
; Number of Inverted Registers Reported in Synthesis Report                       ; 100                ; 100                ;
; Clock MUX Protection                                                            ; On                 ; On                 ;
; Auto Gated Clock Conversion                                                     ; Off                ; Off                ;
; Block Design Naming                                                             ; Auto               ; Auto               ;
; SDC constraint protection                                                       ; Off                ; Off                ;
; Synthesis Effort                                                                ; Auto               ; Auto               ;
; Shift Register Replacement - Allow Asynchronous Clear Signal                    ; On                 ; On                 ;
; Pre-Mapping Resynthesis Optimization                                            ; Off                ; Off                ;
; Analysis & Synthesis Message Level                                              ; Medium             ; Medium             ;
; Disable Register Merging Across Hierarchies                                     ; Auto               ; Auto               ;
; Resource Aware Inference For Block RAM                                          ; On                 ; On                 ;
; Automatic Parallel Synthesis                                                    ; On                 ; On                 ;
; Partial Reconfiguration Bitstream ID                                            ; Off                ; Off                ;
+---------------------------------------------------------------------------------+--------------------+--------------------+


+--------------------------------------------------------------------------------------------------------------------------------------------------------------------------------+
; Port Connectivity Checks: "CPU:my_CPU|PC:my_PC"                                                                                                                                ;
+----------+--------+----------+-------------------------------------------------------------------------------------------------------------------------------------------------+
; Port     ; Type   ; Severity ; Details                                                                                                                                         ;
+----------+--------+----------+-------------------------------------------------------------------------------------------------------------------------------------------------+
; data_in  ; Input  ; Warning  ; Input port expression (1 bits) is smaller than the input port (8 bits) it drives.  Extra input bit(s) "data_in[7..1]" will be connected to GND. ;
; data_out ; Output ; Warning  ; Output or bidir port (8 bits) is wider than the port expression (1 bits) it drives; bit(s) "data_out[7..1]" have no fanouts                     ;
+----------+--------+----------+-------------------------------------------------------------------------------------------------------------------------------------------------+


+--------------------------------------------------------------------------------------------------------------------------------------------------------------------------------+
; Port Connectivity Checks: "CPU:my_CPU|MBR:my_MBR"                                                                                                                              ;
+----------+--------+----------+-------------------------------------------------------------------------------------------------------------------------------------------------+
; Port     ; Type   ; Severity ; Details                                                                                                                                         ;
+----------+--------+----------+-------------------------------------------------------------------------------------------------------------------------------------------------+
; data_in  ; Input  ; Warning  ; Input port expression (1 bits) is smaller than the input port (8 bits) it drives.  Extra input bit(s) "data_in[7..1]" will be connected to GND. ;
; data_out ; Output ; Warning  ; Output or bidir port (8 bits) is wider than the port expression (1 bits) it drives; bit(s) "data_out[7..1]" have no fanouts                     ;
+----------+--------+----------+-------------------------------------------------------------------------------------------------------------------------------------------------+


+--------------------------------------------------------------------------------------------------------------------------------------------------------------------------------+
; Port Connectivity Checks: "CPU:my_CPU|MAR:my_MAR"                                                                                                                              ;
+----------+--------+----------+-------------------------------------------------------------------------------------------------------------------------------------------------+
; Port     ; Type   ; Severity ; Details                                                                                                                                         ;
+----------+--------+----------+-------------------------------------------------------------------------------------------------------------------------------------------------+
; data_in  ; Input  ; Warning  ; Input port expression (1 bits) is smaller than the input port (8 bits) it drives.  Extra input bit(s) "data_in[7..1]" will be connected to GND. ;
; data_out ; Output ; Warning  ; Output or bidir port (8 bits) is wider than the port expression (1 bits) it drives; bit(s) "data_out[7..1]" have no fanouts                     ;
+----------+--------+----------+-------------------------------------------------------------------------------------------------------------------------------------------------+


+--------------------------------------------------------------------------------------------------------------------------------------------------------------------------------+
; Port Connectivity Checks: "CPU:my_CPU|IR:my_IR"                                                                                                                                ;
+----------+--------+----------+-------------------------------------------------------------------------------------------------------------------------------------------------+
; Port     ; Type   ; Severity ; Details                                                                                                                                         ;
+----------+--------+----------+-------------------------------------------------------------------------------------------------------------------------------------------------+
; data_in  ; Input  ; Warning  ; Input port expression (1 bits) is smaller than the input port (8 bits) it drives.  Extra input bit(s) "data_in[7..1]" will be connected to GND. ;
; data_out ; Output ; Warning  ; Output or bidir port (8 bits) is wider than the port expression (1 bits) it drives; bit(s) "data_out[7..1]" have no fanouts                     ;
+----------+--------+----------+-------------------------------------------------------------------------------------------------------------------------------------------------+


+--------------------------------------------------------------------------------------------------------------------------------------------------------------------------------+
; Port Connectivity Checks: "CPU:my_CPU|D0:my_D0"                                                                                                                                ;
+----------+--------+----------+-------------------------------------------------------------------------------------------------------------------------------------------------+
; Port     ; Type   ; Severity ; Details                                                                                                                                         ;
+----------+--------+----------+-------------------------------------------------------------------------------------------------------------------------------------------------+
; data_in  ; Input  ; Warning  ; Input port expression (1 bits) is smaller than the input port (8 bits) it drives.  Extra input bit(s) "data_in[7..1]" will be connected to GND. ;
; data_out ; Output ; Warning  ; Output or bidir port (8 bits) is wider than the port expression (1 bits) it drives; bit(s) "data_out[7..1]" have no fanouts                     ;
; data_out ; Output ; Info     ; Connected to dangling logic. Logic that only feeds a dangling port will be removed.                                                             ;
+----------+--------+----------+-------------------------------------------------------------------------------------------------------------------------------------------------+


+-----------------------------------------------------------------------------------------------------------------------------------------------------------------------------------+
; Port Connectivity Checks: "CPU:my_CPU"                                                                                                                                            ;
+-----------+--------+----------+---------------------------------------------------------------------------------------------------------------------------------------------------+
; Port      ; Type   ; Severity ; Details                                                                                                                                           ;
+-----------+--------+----------+---------------------------------------------------------------------------------------------------------------------------------------------------+
; MAR_value ; Output ; Warning  ; Output or bidir port (8 bits) is wider than the port expression (1 bits) it drives; bit(s) "MAR_value[7..1]" have no fanouts                      ;
; MBR_value ; Input  ; Warning  ; Input port expression (1 bits) is smaller than the input port (8 bits) it drives.  Extra input bit(s) "MBR_value[7..1]" will be connected to GND. ;
+-----------+--------+----------+---------------------------------------------------------------------------------------------------------------------------------------------------+


+-------------------------------------------------------------------------------------------------------------------------------------------------------------------------------------+
; Port Connectivity Checks: "Memory:my_Memory"                                                                                                                                        ;
+------------+--------+----------+----------------------------------------------------------------------------------------------------------------------------------------------------+
; Port       ; Type   ; Severity ; Details                                                                                                                                            ;
+------------+--------+----------+----------------------------------------------------------------------------------------------------------------------------------------------------+
; MAR_value  ; Input  ; Warning  ; Input port expression (1 bits) is smaller than the input port (8 bits) it drives.  Extra input bit(s) "MAR_value[7..1]" will be connected to GND.  ;
; data_input ; Input  ; Warning  ; Input port expression (1 bits) is smaller than the input port (8 bits) it drives.  Extra input bit(s) "data_input[7..1]" will be connected to GND. ;
; MBR_value  ; Output ; Warning  ; Output or bidir port (8 bits) is wider than the port expression (1 bits) it drives; bit(s) "MBR_value[7..1]" have no fanouts                       ;
+------------+--------+----------+----------------------------------------------------------------------------------------------------------------------------------------------------+


+---------------------------------+
; Analysis & Elaboration Messages ;
+---------------------------------+
Info: *******************************************************************
Info: Running Quartus Prime Analysis & Elaboration
    Info: Version 18.0.0 Build 614 04/24/2018 SJ Lite Edition
    Info: Processing started: Wed May 27 16:07:33 2020
Info: Command: quartus_map --read_settings_files=on --write_settings_files=off Prac3 -c Prac3 --analysis_and_elaboration
Warning (18236): Number of processors has not been specified which may cause overloading on shared machines.  Set the global assignment NUM_PARALLEL_PROCESSORS in your QSF to an appropriate value for best performance.
Info (20030): Parallel compilation is enabled and will use 4 of the 4 processors detected
Info (12021): Found 1 design units, including 1 entities, in source file prac3.v
    Info (12023): Found entity 1: Prac3 File: C:/Users/miche/Documents/2020/EAS410/Practicals/Practical_3/Prac3.v Line: 1
Info (12021): Found 1 design units, including 1 entities, in source file cpu.v
    Info (12023): Found entity 1: CPU File: C:/Users/miche/Documents/2020/EAS410/Practicals/Practical_3/CPU.v Line: 1
Info (12021): Found 1 design units, including 1 entities, in source file memory.v
    Info (12023): Found entity 1: Memory File: C:/Users/miche/Documents/2020/EAS410/Practicals/Practical_3/Memory.v Line: 1
Info (12021): Found 1 design units, including 1 entities, in source file alu.v
    Info (12023): Found entity 1: ALU File: C:/Users/miche/Documents/2020/EAS410/Practicals/Practical_3/ALU.v Line: 1
Info (12021): Found 1 design units, including 1 entities, in source file d0.v
    Info (12023): Found entity 1: D0 File: C:/Users/miche/Documents/2020/EAS410/Practicals/Practical_3/D0.v Line: 1
Info (12021): Found 1 design units, including 1 entities, in source file ir.v
    Info (12023): Found entity 1: IR File: C:/Users/miche/Documents/2020/EAS410/Practicals/Practical_3/IR.v Line: 1
Info (12021): Found 1 design units, including 1 entities, in source file mar.v
    Info (12023): Found entity 1: MAR File: C:/Users/miche/Documents/2020/EAS410/Practicals/Practical_3/MAR.v Line: 1
Info (12021): Found 1 design units, including 1 entities, in source file mbr.v
    Info (12023): Found entity 1: MBR File: C:/Users/miche/Documents/2020/EAS410/Practicals/Practical_3/MBR.v Line: 1
Info (12021): Found 1 design units, including 1 entities, in source file pc.v
    Info (12023): Found entity 1: PC File: C:/Users/miche/Documents/2020/EAS410/Practicals/Practical_3/PC.v Line: 1
Warning (10236): Verilog HDL Implicit Net warning at Prac3.v(3): created implicit net for "MAR_value" File: C:/Users/miche/Documents/2020/EAS410/Practicals/Practical_3/Prac3.v Line: 3
Warning (10236): Verilog HDL Implicit Net warning at Prac3.v(3): created implicit net for "data_input" File: C:/Users/miche/Documents/2020/EAS410/Practicals/Practical_3/Prac3.v Line: 3
Warning (10236): Verilog HDL Implicit Net warning at Prac3.v(3): created implicit net for "MBR_value" File: C:/Users/miche/Documents/2020/EAS410/Practicals/Practical_3/Prac3.v Line: 3
Warning (10236): Verilog HDL Implicit Net warning at Prac3.v(3): created implicit net for "clk" File: C:/Users/miche/Documents/2020/EAS410/Practicals/Practical_3/Prac3.v Line: 3
Warning (10236): Verilog HDL Implicit Net warning at CPU.v(7): created implicit net for "data_in" File: C:/Users/miche/Documents/2020/EAS410/Practicals/Practical_3/CPU.v Line: 7
Warning (10236): Verilog HDL Implicit Net warning at CPU.v(7): created implicit net for "data_out" File: C:/Users/miche/Documents/2020/EAS410/Practicals/Practical_3/CPU.v Line: 7
Warning (10236): Verilog HDL Implicit Net warning at CPU.v(12): created implicit net for "operation" File: C:/Users/miche/Documents/2020/EAS410/Practicals/Practical_3/CPU.v Line: 12
Info (12127): Elaborating entity "Prac3" for the top level hierarchy
Info (12128): Elaborating entity "Memory" for hierarchy "Memory:my_Memory" File: C:/Users/miche/Documents/2020/EAS410/Practicals/Practical_3/Prac3.v Line: 3
Warning (10034): Output port "MBR_value" at Memory.v(5) has no driver File: C:/Users/miche/Documents/2020/EAS410/Practicals/Practical_3/Memory.v Line: 5
Warning (12158): Entity "Memory" contains only dangling pins File: C:/Users/miche/Documents/2020/EAS410/Practicals/Practical_3/Prac3.v Line: 3
Info (12128): Elaborating entity "CPU" for hierarchy "CPU:my_CPU" File: C:/Users/miche/Documents/2020/EAS410/Practicals/Practical_3/Prac3.v Line: 4
Warning (10034): Output port "MAR_value" at CPU.v(3) has no driver File: C:/Users/miche/Documents/2020/EAS410/Practicals/Practical_3/CPU.v Line: 3
Info (12128): Elaborating entity "D0" for hierarchy "CPU:my_CPU|D0:my_D0" File: C:/Users/miche/Documents/2020/EAS410/Practicals/Practical_3/CPU.v Line: 7
Info (12128): Elaborating entity "IR" for hierarchy "CPU:my_CPU|IR:my_IR" File: C:/Users/miche/Documents/2020/EAS410/Practicals/Practical_3/CPU.v Line: 8
Info (12128): Elaborating entity "MAR" for hierarchy "CPU:my_CPU|MAR:my_MAR" File: C:/Users/miche/Documents/2020/EAS410/Practicals/Practical_3/CPU.v Line: 9
Info (12128): Elaborating entity "MBR" for hierarchy "CPU:my_CPU|MBR:my_MBR" File: C:/Users/miche/Documents/2020/EAS410/Practicals/Practical_3/CPU.v Line: 10
Info (12128): Elaborating entity "PC" for hierarchy "CPU:my_CPU|PC:my_PC" File: C:/Users/miche/Documents/2020/EAS410/Practicals/Practical_3/CPU.v Line: 11
Info (12128): Elaborating entity "ALU" for hierarchy "CPU:my_CPU|ALU:my_ALU" File: C:/Users/miche/Documents/2020/EAS410/Practicals/Practical_3/CPU.v Line: 12
Warning (12011): Net is missing source, defaulting to GND
    Warning (12110): Net "CPU:my_CPU|data_in" is missing source, defaulting to GND File: C:/Users/miche/Documents/2020/EAS410/Practicals/Practical_3/CPU.v Line: 7
Warning (12011): Net is missing source, defaulting to GND
    Warning (12110): Net "clk" is missing source, defaulting to GND File: C:/Users/miche/Documents/2020/EAS410/Practicals/Practical_3/Prac3.v Line: 3
Warning (12241): 7 hierarchies have connectivity warnings - see the Connectivity Checks report folder
Info: Quartus Prime Analysis & Elaboration was successful. 0 errors, 16 warnings
    Info: Peak virtual memory: 4756 megabytes
    Info: Processing ended: Wed May 27 16:07:43 2020
    Info: Elapsed time: 00:00:10
    Info: Total CPU time (on all processors): 00:00:22


